// Array Functions
undefined
var arr = [10,20,30,40,50]; // Array Literal
undefined
typeof arr;
'object'
arr instanceof Array;
true
typeof Array;
'function'
arr.push(100);
6
arr;
(6) [10, 20, 30, 40, 50, 100]
arr.length;
6
arr.shift();
10
arr;
(5) [20, 30, 40, 50, 100]
arr.pop();
100
arr;
(4) [20, 30, 40, 50]
arr.unshift(7777);
5
arr;
(5) [7777, 20, 30, 40, 50]
arr.splice(2, 1);
[30]
arr;
(4) [7777, 20, 40, 50]
arr.splice(0);
(4) [7777, 20, 40, 50]
arr;
[]
arr = [10,20,90,100,1,3,4,5];
(8) [10, 20, 90, 100, 1, 3, 4, 5]
arr.splice(1,2);
(2) [20, 90]
arr;
(6) [10, 100, 1, 3, 4, 5]
arr.splice(1,0,1000;
VM836:1 Uncaught SyntaxError: missing ) after argument list
arr.splice(1,0,1000);
[]
arr;
(7) [10, 1000, 100, 1, 3, 4, 5]
arr.splice(1,0,88,77,33);
[]
arr;
(10) [10, 88, 77, 33, 1000, 100, 1, 3, 4, 5]
arr.splice(1,1,6666);
[88]
arr;
(10) [10, 6666, 77, 33, 1000, 100, 1, 3, 4, 5]
arr.splice(1,2, 7111,5555,7772,8876);
(2) [6666, 77]
arr;
(12) [10, 7111, 5555, 7772, 8876, 33, 1000, 100, 1, 3, 4, 5]
arr;
(12) [10, 7111, 5555, 7772, 8876, 33, 1000, 100, 1, 3, 4, 5]
arr.slice();
(12) [10, 7111, 5555, 7772, 8876, 33, 1000, 100, 1, 3, 4, 5]
arr;
(12) [10, 7111, 5555, 7772, 8876, 33, 1000, 100, 1, 3, 4, 5]
var f = arr.slice();
undefined
f;
(12) [10, 7111, 5555, 7772, 8876, 33, 1000, 100, 1, 3, 4, 5]
arr;
(12) [10, 7111, 5555, 7772, 8876, 33, 1000, 100, 1, 3, 4, 5]
f == arr;
false
var f = arr.slice(2);
undefined
f;
(10) [5555, 7772, 8876, 33, 1000, 100, 1, 3, 4, 5]
var f = arr.slice(2,5);
undefined
f;
(3) [5555, 7772, 8876]
arr;
(12) [10, 7111, 5555, 7772, 8876, 33, 1000, 100, 1, 3, 4, 5]0: 101: 71112: 55553: 77724: 88765: 336: 10007: 1008: 19: 310: 411: 5length: 12[[Prototype]]: Array(0)
f;
(3) [5555, 7772, 8876]
arr;
(12) [10, 7111, 5555, 7772, 8876, 33, 1000, 100, 1, 3, 4, 5]
arr.join(",");
'10,7111,5555,7772,8876,33,1000,100,1,3,4,5'
arr.join(" ");
'10 7111 5555 7772 8876 33 1000 100 1 3 4 5'
arr.join("-");
'10-7111-5555-7772-8876-33-1000-100-1-3-4-5'
