var a = 54364789567489675498679587698547646798457;
undefined
a;
5.436478956748968e+40
typeof a;
'number'
a = Number.MAX_SAFE_INTEGER;
9007199254740991
a++;
9007199254740991
a++;
9007199254740992
a++;
9007199254740992
a++;
9007199254740992
a++;
9007199254740992
a++;
9007199254740992
a=9007199254740992n;
9007199254740992n
typeof a;
'bigint'
a + 1000;
VM277:1 Uncaught TypeError: Cannot mix BigInt and other types, use explicit conversions
    at <anonymous>:1:3
(anonymous) @ VM277:1
a + 5645654654654n;
9012844909395646n
a = 10000000n;
10000000n
a = BigInt("64645656547598437584389759843795873");
64645656547598437584389759843795873n
